<?xml version="1.0" encoding="UTF-8"?>
<!-- Generated by org.testng.reporters.JUnitXMLReporter -->
<testsuite ignored="2" hostname="LAPTOP-BVSJPIJ1" failures="0" tests="2" name="Test" time="0.155" errors="0" timestamp="2023-07-26T09:24:19 EDT">
  <testcase classname="com.automation.GoogleDemo.GropuExampleTestNG" name="longin2" time="0.04"/>
  <testcase classname="com.automation.GoogleDemo.GropuExampleTestNG" name="longin3" time="0.005"/>
  <testcase classname="com.automation.GoogleDemo.GropuExampleTestNG" name="longin1" time="0.0">
    <ignored/>
  </testcase> <!-- longin1 -->
  <testcase classname="com.automation.GoogleDemo.GropuExampleTestNG" name="longin4" time="0.0">
    <ignored/>
  </testcase> <!-- longin4 -->
</testsuite> <!-- Test -->
