<?xml version="1.0" encoding="UTF-8"?>
<!-- Generated by org.testng.reporters.JUnitXMLReporter -->
<testsuite ignored="0" hostname="LAPTOP-BVSJPIJ1" failures="1" tests="1" name="Yahoo Test" time="0.046" errors="0" timestamp="2023-07-27T07:03:57 EDT">
  <testcase classname="come.TestNG.ParamiterTestMethod" name="yahooTest" time="0.0">
    <failure type="org.testng.TestNGException" message="
Parameter &amp;apos;emailID&amp;apos; is required by @Test on method yahooTest but has not been marked @Optional or defined
in C:\Users\Jivi\eclipse-workspace\GoogleDemo\parameters.xml">
      <![CDATA[org.testng.TestNGException: 
Parameter 'emailID' is required by @Test on method yahooTest but has not been marked @Optional or defined
in C:\Users\Jivi\eclipse-workspace\GoogleDemo\parameters.xml
at java.base/java.util.ArrayList.forEach(ArrayList.java:1511)
... Removed 26 stack frames]]>
    </failure>
  </testcase> <!-- yahooTest -->
</testsuite> <!-- Yahoo Test -->
