<?xml version="1.0" encoding="UTF-8"?>
<testng-results ignored="0" total="1" passed="1" failed="0" skipped="0">
  <reporter-output>
  </reporter-output>
  <suite started-at="2023-08-23T09:07:34 EDT" name="Default suite" finished-at="2023-08-23T09:07:53 EDT" duration-ms="18700">
    <groups>
    </groups>
    <test started-at="2023-08-23T09:07:34 EDT" name="Default test" finished-at="2023-08-23T09:07:53 EDT" duration-ms="18700">
      <class name="Test.HomePageTest">
        <test-method is-config="true" signature="before_each_test()[pri:0, instance:Test.HomePageTest@7b36aa0c]" started-at="2023-08-23T09:07:34 EDT" name="before_each_test" finished-at="2023-08-23T09:07:46 EDT" duration-ms="11327" status="PASS">
          <reporter-output>
          </reporter-output>
        </test-method> <!-- before_each_test -->
        <test-method signature="search()[pri:0, instance:Test.HomePageTest@7b36aa0c]" started-at="2023-08-23T09:07:46 EDT" name="search" finished-at="2023-08-23T09:07:51 EDT" duration-ms="5230" status="PASS">
          <reporter-output>
          </reporter-output>
        </test-method> <!-- search -->
        <test-method is-config="true" signature="after_each_test()[pri:0, instance:Test.HomePageTest@7b36aa0c]" started-at="2023-08-23T09:07:51 EDT" name="after_each_test" finished-at="2023-08-23T09:07:53 EDT" duration-ms="2066" status="PASS">
          <reporter-output>
          </reporter-output>
        </test-method> <!-- after_each_test -->
      </class> <!-- Test.HomePageTest -->
    </test> <!-- Default test -->
  </suite> <!-- Default suite -->
</testng-results>
